<?xml version="1.0" encoding="UTF-8"?>
<!-- Generated by org.testng.reporters.JUnitReportReporter -->
<testsuite skipped="0" hostname="Arifur" name="com.sanity.test.RunSanityTestNG" tests="3" failures="0" timestamp="14 Aug 2020 04:51:23 GMT" time="23.293" errors="0">
  <testcase name="getAgentInfo" time="3.610" classname="com.sanity.test.RunSanityTestNG"/>
  <testcase name="getLogin" time="9.030" classname="com.sanity.test.RunSanityTestNG"/>
  <testcase name="selectProperty" time="10.653" classname="com.sanity.test.RunSanityTestNG"/>
</testsuite> <!-- com.sanity.test.RunSanityTestNG -->
