<?xml version="1.0" encoding="UTF-8"?>
<!-- Generated by org.testng.reporters.JUnitReportReporter -->
<testsuite skipped="0" hostname="DESKTOP-SJOC33C" name="com.runner.ZooplaRunner" tests="1" failures="0" timestamp="16 Aug 2020 06:07:43 GMT" time="31.795" errors="0">
  <testcase name="runScenario" time="31.795" classname="com.runner.ZooplaRunner"/>
</testsuite> <!-- com.runner.ZooplaRunner -->
